<?xml version="1.0" encoding="UTF-8"?>
<!-- Generated by org.testng.reporters.JUnitXMLReporter -->
<testsuite ignored="0" hostname="LAPTOP-7UOI14JD" failures="0" tests="3" name="Default test" time="74.577" errors="0" timestamp="2022-12-29T19:33:50 IST">
  <testcase classname="g.project7pm.PopIyemsTest" name="Tabletest" time="23.948"/>
  <testcase classname="g.project7pm.PopIyemsTest" name="laptoptest" time="16.995"/>
  <testcase classname="g.project7pm.PopIyemsTest" name="spktest" time="16.994"/>
</testsuite> <!-- Default test -->
